<?xml version="1.0" encoding="UTF-8"?>
<!-- Generated by org.testng.reporters.JUnitReportReporter -->
<testsuite skipped="0" hostname="DKT-34" name="seleniumtest.com.SeleniumMavProject.Users" tests="3" failures="0" timestamp="15 Aug 2018 20:23:33 GMT" time="107.548" errors="0">
  <testcase name="AddUser" time="35.575" classname="seleniumtest.com.SeleniumMavProject.Users"/>
  <testcase name="AddUser" time="35.457" classname="seleniumtest.com.SeleniumMavProject.Users"/>
  <testcase name="AddUser" time="36.516" classname="seleniumtest.com.SeleniumMavProject.Users"/>
</testsuite> <!-- seleniumtest.com.SeleniumMavProject.Users -->
